<?xml version="1.0" encoding="UTF-8"?>
<dataset>
    <cmc_sbsb_subsc SBSB_ID="SUB123" GRGR_CK="GRP001" SBSB_CK="1"/>
    <cmc_meme_member MEME_CK="1" SBSB_CK="1"/>
    <cmc_mepe_prcs_elig MEPE_EFF_DT="2024-01-01" MEPE_TERM_DT="2024-12-31" GRGR_CK="GRP001" CSCPI_ID="CSPI123" MEME_CK="1"/>
    <CMC_CSPI_CS_PLAN GRGR_CK="GRP001" CSCS_ID="CSCS123" CSPI_ID="CSPI123" CSPD_CAT="CAT123" CSPI_EFF_DT="2024-01-01" CSPI_TERM_DT="2024-12-31" CSPI_ITS_PREFIX="ABC"/>
</dataset>
